#-----------------------------------------------------------
# Vivado v2018.2 (64-bitt)
# SW Build 2258646 on Thu Jun 14 20:03:12 MDT 2018
# IP Build 2256618 on Thu Jun 14 22:10:49 MDT 2018
# Start of session at: Fri Aug  2 14:30:18 2024
# Process ID: 6772
# Current directory: C:/Users/hp/Desktop/spi/SPI
# Command line: vivado.exe -gui_launcher_event rodinguilauncherevent15228 C:\Users\hp\Desktop\spi\SPI\SPI.xpr
# Log file: C:/Users/hp/Desktop/spi/SPI/vivado.log
# Journal file: C:/Users/hp/Desktop/spi/SPI\vivado.jou
#-----------------------------------------------------------
start_gui
open_project C:/Users/hp/Desktop/spi/SPI/SPI.xpr
INFO: [Project 1-313] Project file moved from 'C:/Users/hp/SPI' since last save.
WARNING: [Project 1-312] File not found as 'C:/Users/hp/Desktop/spi/Desktop/Serial_Peripheral_Interface/SPI.v'; using path 'C:/Users/hp/Desktop/Serial_Peripheral_Interface/SPI.v' instead.
WARNING: [Project 1-312] File not found as 'C:/Users/hp/Desktop/spi/Desktop/Serial_Peripheral_Interface/SPI_tb.v'; using path 'C:/Users/hp/Desktop/Serial_Peripheral_Interface/SPI_tb.v' instead.
Scanning sources...
Finished scanning sources
WARNING: [Project 1-312] File not found as 'C:/Users/hp/Desktop/spi/Desktop/Serial_Peripheral_Interface/SPI.v'; using path 'C:/Users/hp/Desktop/Serial_Peripheral_Interface/SPI.v' instead.
INFO: [IP_Flow 19-234] Refreshing IP repositories
INFO: [IP_Flow 19-1704] No user IP repositories specified
INFO: [IP_Flow 19-2313] Loaded Vivado IP repository 'D:/Xilinx/Vivado/2018.2/data/ip'.
open_project: Time (s): cpu = 00:00:33 ; elapsed = 00:00:30 . Memory (MB): peak = 906.777 ; gain = 200.344
update_compile_order -fileset sources_1
exit
INFO: [Common 17-206] Exiting Vivado at Fri Aug  2 14:32:12 2024...
